<?xml version="1.0" ?>
<!DOCTYPE coverage SYSTEM "http://cobertura.sourceforge.net/xml/coverage-04.dtd">
<coverage lines-valid="1413" lines-covered="297" line-rate="0.2101" branches-valid="375" branches-covered="69" branch-rate="0.184" timestamp="1713168459871" complexity="0" version="0.1">
  <sources>
    <source>/Users/cuong/Desktop/bt-fsoft/nhom-2</source>
  </sources>
  <packages>
    <package name="app" line-rate="0" branch-rate="1">
      <classes>
        <class name="layout.tsx" filename="src/app/layout.tsx" line-rate="0" branch-rate="1">
          <methods>
            <method name="RootLayout" hits="0" signature="()V">
              <lines>
                <line number="18" hits="0"/>
              </lines>
            </method>
          </methods>
          <lines>
            <line number="3" hits="0" branch="false"/>
            <line number="6" hits="0" branch="false"/>
            <line number="7" hits="0" branch="false"/>
            <line number="8" hits="0" branch="false"/>
            <line number="9" hits="0" branch="false"/>
            <line number="11" hits="0" branch="false"/>
            <line number="13" hits="0" branch="false"/>
            <line number="18" hits="0" branch="false"/>
          </lines>
        </class>
        <class name="page.tsx" filename="src/app/page.tsx" line-rate="0" branch-rate="1">
          <methods>
            <method name="Home" hits="0" signature="()V">
              <lines>
                <line number="4" hits="0"/>
              </lines>
            </method>
          </methods>
          <lines>
            <line number="2" hits="0" branch="false"/>
            <line number="4" hits="0" branch="false"/>
            <line number="5" hits="0" branch="false"/>
          </lines>
        </class>
      </classes>
    </package>
    <package name="app.(auth).login" line-rate="0" branch-rate="1">
      <classes>
        <class name="page.tsx" filename="src/app/(auth)/login/page.tsx" line-rate="0" branch-rate="1">
          <methods>
            <method name="(anonymous_1)" hits="0" signature="()V">
              <lines>
                <line number="8" hits="0"/>
              </lines>
            </method>
          </methods>
          <lines>
            <line number="1" hits="0" branch="false"/>
            <line number="8" hits="0" branch="false"/>
            <line number="17" hits="0" branch="false"/>
          </lines>
        </class>
      </classes>
    </package>
    <package name="app.(dashboard)" line-rate="0" branch-rate="0">
      <classes>
        <class name="error.tsx" filename="src/app/(dashboard)/error.tsx" line-rate="0" branch-rate="1">
          <methods>
            <method name="(anonymous_1)" hits="0" signature="()V">
              <lines>
                <line number="11" hits="0"/>
              </lines>
            </method>
            <method name="(anonymous_2)" hits="0" signature="()V">
              <lines>
                <line number="12" hits="0"/>
              </lines>
            </method>
            <method name="(anonymous_3)" hits="0" signature="()V">
              <lines>
                <line number="21" hits="0"/>
              </lines>
            </method>
          </methods>
          <lines>
            <line number="3" hits="0" branch="false"/>
            <line number="4" hits="0" branch="false"/>
            <line number="11" hits="0" branch="false"/>
            <line number="12" hits="0" branch="false"/>
            <line number="13" hits="0" branch="false"/>
            <line number="21" hits="0" branch="false"/>
            <line number="29" hits="0" branch="false"/>
          </lines>
        </class>
        <class name="layout.tsx" filename="src/app/(dashboard)/layout.tsx" line-rate="0" branch-rate="0">
          <methods>
            <method name="(anonymous_2)" hits="0" signature="()V">
              <lines>
                <line number="12" hits="0"/>
              </lines>
            </method>
          </methods>
          <lines>
            <line number="1" hits="0" branch="false"/>
            <line number="2" hits="0" branch="false"/>
            <line number="4" hits="0" branch="false"/>
            <line number="5" hits="0" branch="false"/>
            <line number="6" hits="0" branch="false"/>
            <line number="12" hits="0" branch="false"/>
            <line number="13" hits="0" branch="false"/>
            <line number="15" hits="0" branch="true" condition-coverage="0% (0/2)"/>
            <line number="16" hits="0" branch="false"/>
            <line number="31" hits="0" branch="false"/>
          </lines>
        </class>
      </classes>
    </package>
    <package name="app.(dashboard).(class).create" line-rate="0" branch-rate="0">
      <classes>
        <class name="page.tsx" filename="src/app/(dashboard)/(class)/create/page.tsx" line-rate="0" branch-rate="0">
          <methods>
            <method name="(anonymous_2)" hits="0" signature="()V">
              <lines>
                <line number="8" hits="0"/>
              </lines>
            </method>
            <method name="(anonymous_3)" hits="0" signature="()V">
              <lines>
                <line number="11" hits="0"/>
              </lines>
            </method>
          </methods>
          <lines>
            <line number="4" hits="0" branch="false"/>
            <line number="6" hits="0" branch="false"/>
            <line number="8" hits="0" branch="false"/>
            <line number="9" hits="0" branch="false"/>
            <line number="11" hits="0" branch="false"/>
            <line number="12" hits="0" branch="false"/>
            <line number="40" hits="0" branch="false"/>
          </lines>
        </class>
      </classes>
    </package>
    <package name="app.(dashboard).(class).view" line-rate="0" branch-rate="0">
      <classes>
        <class name="ViewDetail.tsx" filename="src/app/(dashboard)/(class)/view/ViewDetail.tsx" line-rate="0" branch-rate="1">
          <methods>
            <method name="(anonymous_2)" hits="0" signature="()V">
              <lines>
                <line number="4" hits="0"/>
              </lines>
            </method>
          </methods>
          <lines>
            <line number="1" hits="0" branch="false"/>
            <line number="4" hits="0" branch="false"/>
            <line number="16" hits="0" branch="false"/>
          </lines>
        </class>
        <class name="class.config.tsx" filename="src/app/(dashboard)/(class)/view/class.config.tsx" line-rate="0" branch-rate="1">
          <methods>
          </methods>
          <lines>
            <line number="2" hits="0" branch="false"/>
          </lines>
        </class>
        <class name="page.tsx" filename="src/app/(dashboard)/(class)/view/page.tsx" line-rate="0" branch-rate="0">
          <methods>
            <method name="(anonymous_2)" hits="0" signature="()V">
              <lines>
                <line number="16" hits="0"/>
              </lines>
            </method>
            <method name="(anonymous_3)" hits="0" signature="()V">
              <lines>
                <line number="21" hits="0"/>
              </lines>
            </method>
            <method name="(anonymous_4)" hits="0" signature="()V">
              <lines>
                <line number="45" hits="0"/>
              </lines>
            </method>
            <method name="(anonymous_5)" hits="0" signature="()V">
              <lines>
                <line number="74" hits="0"/>
              </lines>
            </method>
            <method name="(anonymous_6)" hits="0" signature="()V">
              <lines>
                <line number="75" hits="0"/>
              </lines>
            </method>
            <method name="(anonymous_7)" hits="0" signature="()V">
              <lines>
                <line number="76" hits="0"/>
              </lines>
            </method>
            <method name="(anonymous_8)" hits="0" signature="()V">
              <lines>
                <line number="82" hits="0"/>
              </lines>
            </method>
          </methods>
          <lines>
            <line number="2" hits="0" branch="false"/>
            <line number="3" hits="0" branch="false"/>
            <line number="4" hits="0" branch="false"/>
            <line number="5" hits="0" branch="false"/>
            <line number="6" hits="0" branch="false"/>
            <line number="7" hits="0" branch="false"/>
            <line number="9" hits="0" branch="false"/>
            <line number="10" hits="0" branch="false"/>
            <line number="11" hits="0" branch="false"/>
            <line number="12" hits="0" branch="false"/>
            <line number="13" hits="0" branch="false"/>
            <line number="14" hits="0" branch="false"/>
            <line number="16" hits="0" branch="false"/>
            <line number="18" hits="0" branch="false"/>
            <line number="19" hits="0" branch="false"/>
            <line number="21" hits="0" branch="false"/>
            <line number="22" hits="0" branch="false"/>
            <line number="45" hits="0" branch="false"/>
            <line number="83" hits="0" branch="false"/>
            <line number="91" hits="0" branch="false"/>
          </lines>
        </class>
      </classes>
    </package>
    <package name="app.(dashboard).(users).profile" line-rate="0" branch-rate="0">
      <classes>
        <class name="page.tsx" filename="src/app/(dashboard)/(users)/profile/page.tsx" line-rate="0" branch-rate="0">
          <methods>
            <method name="(anonymous_1)" hits="0" signature="()V">
              <lines>
                <line number="11" hits="0"/>
              </lines>
            </method>
            <method name="(anonymous_2)" hits="0" signature="()V">
              <lines>
                <line number="18" hits="0"/>
              </lines>
            </method>
            <method name="(anonymous_3)" hits="0" signature="()V">
              <lines>
                <line number="22" hits="0"/>
              </lines>
            </method>
            <method name="(anonymous_4)" hits="0" signature="()V">
              <lines>
                <line number="23" hits="0"/>
              </lines>
            </method>
            <method name="(anonymous_5)" hits="0" signature="()V">
              <lines>
                <line number="32" hits="0"/>
              </lines>
            </method>
            <method name="(anonymous_6)" hits="0" signature="()V">
              <lines>
                <line number="34" hits="0"/>
              </lines>
            </method>
            <method name="(anonymous_7)" hits="0" signature="()V">
              <lines>
                <line number="36" hits="0"/>
              </lines>
            </method>
          </methods>
          <lines>
            <line number="3" hits="0" branch="false"/>
            <line number="4" hits="0" branch="false"/>
            <line number="6" hits="0" branch="false"/>
            <line number="8" hits="0" branch="false"/>
            <line number="9" hits="0" branch="false"/>
            <line number="11" hits="0" branch="false"/>
            <line number="12" hits="0" branch="true" condition-coverage="0% (0/1)"/>
            <line number="14" hits="0" branch="false"/>
            <line number="15" hits="0" branch="false"/>
            <line number="18" hits="0" branch="false"/>
            <line number="19" hits="0" branch="false"/>
            <line number="20" hits="0" branch="false"/>
            <line number="22" hits="0" branch="false"/>
            <line number="23" hits="0" branch="false"/>
            <line number="24" hits="0" branch="false"/>
            <line number="25" hits="0" branch="false"/>
            <line number="26" hits="0" branch="false"/>
            <line number="29" hits="0" branch="false"/>
            <line number="32" hits="0" branch="false"/>
            <line number="34" hits="0" branch="false"/>
            <line number="36" hits="0" branch="false"/>
            <line number="37" hits="0" branch="false"/>
            <line number="39" hits="0" branch="true" condition-coverage="0% (0/1)"/>
            <line number="40" hits="0" branch="true" condition-coverage="0% (0/1)"/>
            <line number="41" hits="0" branch="false"/>
            <line number="44" hits="0" branch="false"/>
            <line number="45" hits="0" branch="false"/>
            <line number="46" hits="0" branch="false"/>
            <line number="100" hits="0" branch="false"/>
          </lines>
        </class>
      </classes>
    </package>
    <package name="app.(dashboard).(users).users" line-rate="0" branch-rate="0">
      <classes>
        <class name="page.tsx" filename="src/app/(dashboard)/(users)/users/page.tsx" line-rate="0" branch-rate="0">
          <methods>
            <method name="(anonymous_2)" hits="0" signature="()V">
              <lines>
                <line number="34" hits="0"/>
              </lines>
            </method>
            <method name="(anonymous_3)" hits="0" signature="()V">
              <lines>
                <line number="61" hits="0"/>
              </lines>
            </method>
            <method name="(anonymous_4)" hits="0" signature="()V">
              <lines>
                <line number="66" hits="0"/>
              </lines>
            </method>
            <method name="(anonymous_5)" hits="0" signature="()V">
              <lines>
                <line number="67" hits="0"/>
              </lines>
            </method>
            <method name="(anonymous_6)" hits="0" signature="()V">
              <lines>
                <line number="73" hits="0"/>
              </lines>
            </method>
            <method name="(anonymous_7)" hits="0" signature="()V">
              <lines>
                <line number="79" hits="0"/>
              </lines>
            </method>
            <method name="(anonymous_8)" hits="0" signature="()V">
              <lines>
                <line number="103" hits="0"/>
              </lines>
            </method>
            <method name="(anonymous_9)" hits="0" signature="()V">
              <lines>
                <line number="104" hits="0"/>
              </lines>
            </method>
            <method name="(anonymous_10)" hits="0" signature="()V">
              <lines>
                <line number="123" hits="0"/>
              </lines>
            </method>
            <method name="(anonymous_11)" hits="0" signature="()V">
              <lines>
                <line number="124" hits="0"/>
              </lines>
            </method>
            <method name="(anonymous_12)" hits="0" signature="()V">
              <lines>
                <line number="130" hits="0"/>
              </lines>
            </method>
            <method name="(anonymous_13)" hits="0" signature="()V">
              <lines>
                <line number="136" hits="0"/>
              </lines>
            </method>
            <method name="(anonymous_14)" hits="0" signature="()V">
              <lines>
                <line number="146" hits="0"/>
              </lines>
            </method>
            <method name="(anonymous_15)" hits="0" signature="()V">
              <lines>
                <line number="155" hits="0"/>
              </lines>
            </method>
            <method name="(anonymous_16)" hits="0" signature="()V">
              <lines>
                <line number="188" hits="0"/>
              </lines>
            </method>
            <method name="(anonymous_17)" hits="0" signature="()V">
              <lines>
                <line number="199" hits="0"/>
              </lines>
            </method>
            <method name="(anonymous_18)" hits="0" signature="()V">
              <lines>
                <line number="206" hits="0"/>
              </lines>
            </method>
          </methods>
          <lines>
            <line number="3" hits="0" branch="false"/>
            <line number="4" hits="0" branch="false"/>
            <line number="7" hits="0" branch="false"/>
            <line number="8" hits="0" branch="false"/>
            <line number="9" hits="0" branch="false"/>
            <line number="10" hits="0" branch="false"/>
            <line number="16" hits="0" branch="false"/>
            <line number="18" hits="0" branch="false"/>
            <line number="19" hits="0" branch="false"/>
            <line number="20" hits="0" branch="false"/>
            <line number="21" hits="0" branch="false"/>
            <line number="22" hits="0" branch="false"/>
            <line number="23" hits="0" branch="false"/>
            <line number="24" hits="0" branch="false"/>
            <line number="25" hits="0" branch="false"/>
            <line number="26" hits="0" branch="false"/>
            <line number="27" hits="0" branch="false"/>
            <line number="28" hits="0" branch="false"/>
            <line number="29" hits="0" branch="false"/>
            <line number="30" hits="0" branch="false"/>
            <line number="31" hits="0" branch="false"/>
            <line number="32" hits="0" branch="false"/>
            <line number="34" hits="0" branch="false"/>
            <line number="35" hits="0" branch="false"/>
            <line number="36" hits="0" branch="false"/>
            <line number="37" hits="0" branch="false"/>
            <line number="38" hits="0" branch="false"/>
            <line number="39" hits="0" branch="false"/>
            <line number="40" hits="0" branch="false"/>
            <line number="42" hits="0" branch="false"/>
            <line number="43" hits="0" branch="false"/>
            <line number="44" hits="0" branch="false"/>
            <line number="45" hits="0" branch="false"/>
            <line number="52" hits="0" branch="false"/>
            <line number="54" hits="0" branch="false"/>
            <line number="61" hits="0" branch="false"/>
            <line number="62" hits="0" branch="false"/>
            <line number="63" hits="0" branch="false"/>
            <line number="66" hits="0" branch="false"/>
            <line number="67" hits="0" branch="false"/>
            <line number="68" hits="0" branch="true" condition-coverage="0% (0/1)"/>
            <line number="69" hits="0" branch="false"/>
            <line number="73" hits="0" branch="false"/>
            <line number="74" hits="0" branch="false"/>
            <line number="75" hits="0" branch="false"/>
            <line number="76" hits="0" branch="false"/>
            <line number="79" hits="0" branch="false"/>
            <line number="80" hits="0" branch="false"/>
            <line number="83" hits="0" branch="false"/>
            <line number="103" hits="0" branch="false"/>
            <line number="104" hits="0" branch="false"/>
            <line number="105" hits="0" branch="true" condition-coverage="0% (0/1)"/>
            <line number="107" hits="0" branch="false"/>
            <line number="108" hits="0" branch="false"/>
            <line number="111" hits="0" branch="false"/>
            <line number="113" hits="0" branch="false"/>
            <line number="117" hits="0" branch="true" condition-coverage="0% (0/1)"/>
            <line number="118" hits="0" branch="false"/>
            <line number="119" hits="0" branch="false"/>
            <line number="123" hits="0" branch="false"/>
            <line number="124" hits="0" branch="false"/>
            <line number="130" hits="0" branch="false"/>
            <line number="131" hits="0" branch="false"/>
            <line number="132" hits="0" branch="false"/>
            <line number="133" hits="0" branch="false"/>
            <line number="136" hits="0" branch="false"/>
            <line number="137" hits="0" branch="false"/>
            <line number="146" hits="0" branch="false"/>
            <line number="155" hits="0" branch="false"/>
            <line number="188" hits="0" branch="false"/>
            <line number="199" hits="0" branch="false"/>
            <line number="206" hits="0" branch="false"/>
            <line number="213" hits="0" branch="false"/>
          </lines>
        </class>
      </classes>
    </package>
    <package name="app.(dashboard).classes" line-rate="0" branch-rate="0">
      <classes>
        <class name="class.config.tsx" filename="src/app/(dashboard)/classes/class.config.tsx" line-rate="0" branch-rate="1">
          <methods>
          </methods>
          <lines>
            <line number="2" hits="0" branch="false"/>
          </lines>
        </class>
        <class name="page.tsx" filename="src/app/(dashboard)/classes/page.tsx" line-rate="0" branch-rate="0">
          <methods>
            <method name="(anonymous_2)" hits="0" signature="()V">
              <lines>
                <line number="30" hits="0"/>
              </lines>
            </method>
            <method name="(anonymous_3)" hits="0" signature="()V">
              <lines>
                <line number="31" hits="0"/>
              </lines>
            </method>
            <method name="(anonymous_4)" hits="0" signature="()V">
              <lines>
                <line number="51" hits="0"/>
              </lines>
            </method>
            <method name="(anonymous_5)" hits="0" signature="()V">
              <lines>
                <line number="53" hits="0"/>
              </lines>
            </method>
            <method name="(anonymous_6)" hits="0" signature="()V">
              <lines>
                <line number="71" hits="0"/>
              </lines>
            </method>
            <method name="(anonymous_7)" hits="0" signature="()V">
              <lines>
                <line number="72" hits="0"/>
              </lines>
            </method>
            <method name="(anonymous_8)" hits="0" signature="()V">
              <lines>
                <line number="80" hits="0"/>
              </lines>
            </method>
            <method name="(anonymous_9)" hits="0" signature="()V">
              <lines>
                <line number="88" hits="0"/>
              </lines>
            </method>
            <method name="(anonymous_10)" hits="0" signature="()V">
              <lines>
                <line number="101" hits="0"/>
              </lines>
            </method>
            <method name="(anonymous_11)" hits="0" signature="()V">
              <lines>
                <line number="102" hits="0"/>
              </lines>
            </method>
            <method name="(anonymous_12)" hits="0" signature="()V">
              <lines>
                <line number="112" hits="0"/>
              </lines>
            </method>
            <method name="(anonymous_13)" hits="0" signature="()V">
              <lines>
                <line number="117" hits="0"/>
              </lines>
            </method>
            <method name="(anonymous_14)" hits="0" signature="()V">
              <lines>
                <line number="141" hits="0"/>
              </lines>
            </method>
            <method name="(anonymous_15)" hits="0" signature="()V">
              <lines>
                <line number="153" hits="0"/>
              </lines>
            </method>
            <method name="(anonymous_16)" hits="0" signature="()V">
              <lines>
                <line number="154" hits="0"/>
              </lines>
            </method>
            <method name="(anonymous_17)" hits="0" signature="()V">
              <lines>
                <line number="201" hits="0"/>
              </lines>
            </method>
            <method name="(anonymous_18)" hits="0" signature="()V">
              <lines>
                <line number="208" hits="0"/>
              </lines>
            </method>
          </methods>
          <lines>
            <line number="3" hits="0" branch="false"/>
            <line number="4" hits="0" branch="false"/>
            <line number="6" hits="0" branch="false"/>
            <line number="7" hits="0" branch="false"/>
            <line number="8" hits="0" branch="false"/>
            <line number="9" hits="0" branch="false"/>
            <line number="10" hits="0" branch="false"/>
            <line number="12" hits="0" branch="false"/>
            <line number="13" hits="0" branch="false"/>
            <line number="14" hits="0" branch="false"/>
            <line number="15" hits="0" branch="false"/>
            <line number="16" hits="0" branch="false"/>
            <line number="22" hits="0" branch="false"/>
            <line number="23" hits="0" branch="false"/>
            <line number="24" hits="0" branch="false"/>
            <line number="25" hits="0" branch="false"/>
            <line number="26" hits="0" branch="false"/>
            <line number="27" hits="0" branch="false"/>
            <line number="28" hits="0" branch="false"/>
            <line number="30" hits="0" branch="false"/>
            <line number="31" hits="0" branch="false"/>
            <line number="33" hits="0" branch="false"/>
            <line number="35" hits="0" branch="false"/>
            <line number="36" hits="0" branch="false"/>
            <line number="37" hits="0" branch="false"/>
            <line number="38" hits="0" branch="false"/>
            <line number="39" hits="0" branch="false"/>
            <line number="40" hits="0" branch="false"/>
            <line number="42" hits="0" branch="false"/>
            <line number="48" hits="0" branch="false"/>
            <line number="49" hits="0" branch="false"/>
            <line number="51" hits="0" branch="false"/>
            <line number="52" hits="0" branch="false"/>
            <line number="53" hits="0" branch="false"/>
            <line number="54" hits="0" branch="true" condition-coverage="0% (0/2)"/>
            <line number="56" hits="0" branch="true" condition-coverage="0% (0/2)"/>
            <line number="58" hits="0" branch="true" condition-coverage="0% (0/2)"/>
            <line number="60" hits="0" branch="true" condition-coverage="0% (0/2)"/>
            <line number="63" hits="0" branch="false"/>
            <line number="71" hits="0" branch="false"/>
            <line number="72" hits="0" branch="false"/>
            <line number="80" hits="0" branch="false"/>
            <line number="81" hits="0" branch="false"/>
            <line number="83" hits="0" branch="false"/>
            <line number="84" hits="0" branch="false"/>
            <line number="88" hits="0" branch="false"/>
            <line number="89" hits="0" branch="false"/>
            <line number="90" hits="0" branch="false"/>
            <line number="93" hits="0" branch="false"/>
            <line number="95" hits="0" branch="false"/>
            <line number="96" hits="0" branch="false"/>
            <line number="97" hits="0" branch="false"/>
            <line number="99" hits="0" branch="false"/>
            <line number="101" hits="0" branch="false"/>
            <line number="102" hits="0" branch="false"/>
            <line number="103" hits="0" branch="true" condition-coverage="0% (0/1)"/>
            <line number="104" hits="0" branch="false"/>
            <line number="105" hits="0" branch="true" condition-coverage="0% (0/1)"/>
            <line number="106" hits="0" branch="false"/>
            <line number="108" hits="0" branch="false"/>
            <line number="112" hits="0" branch="false"/>
            <line number="113" hits="0" branch="false"/>
            <line number="114" hits="0" branch="false"/>
            <line number="117" hits="0" branch="false"/>
            <line number="118" hits="0" branch="false"/>
            <line number="119" hits="0" branch="false"/>
            <line number="122" hits="0" branch="false"/>
            <line number="141" hits="0" branch="false"/>
            <line number="142" hits="0" branch="false"/>
            <line number="153" hits="0" branch="false"/>
            <line number="154" hits="0" branch="false"/>
            <line number="201" hits="0" branch="false"/>
            <line number="208" hits="0" branch="false"/>
            <line number="214" hits="0" branch="false"/>
          </lines>
        </class>
      </classes>
    </package>
    <package name="app.(dashboard).classes.[code]" line-rate="0" branch-rate="0">
      <classes>
        <class name="page.tsx" filename="src/app/(dashboard)/classes/[code]/page.tsx" line-rate="0" branch-rate="0">
          <methods>
            <method name="(anonymous_5)" hits="0" signature="()V">
              <lines>
                <line number="27" hits="0"/>
              </lines>
            </method>
            <method name="(anonymous_6)" hits="0" signature="()V">
              <lines>
                <line number="35" hits="0"/>
              </lines>
            </method>
            <method name="(anonymous_7)" hits="0" signature="()V">
              <lines>
                <line number="39" hits="0"/>
              </lines>
            </method>
            <method name="(anonymous_8)" hits="0" signature="()V">
              <lines>
                <line number="44" hits="0"/>
              </lines>
            </method>
            <method name="(anonymous_9)" hits="0" signature="()V">
              <lines>
                <line number="47" hits="0"/>
              </lines>
            </method>
            <method name="(anonymous_10)" hits="0" signature="()V">
              <lines>
                <line number="50" hits="0"/>
              </lines>
            </method>
          </methods>
          <lines>
            <line number="2" hits="0" branch="false"/>
            <line number="4" hits="0" branch="false"/>
            <line number="5" hits="0" branch="false"/>
            <line number="6" hits="0" branch="false"/>
            <line number="7" hits="0" branch="false"/>
            <line number="9" hits="0" branch="false"/>
            <line number="10" hits="0" branch="false"/>
            <line number="11" hits="0" branch="false"/>
            <line number="13" hits="0" branch="false"/>
            <line number="15" hits="0" branch="false"/>
            <line number="16" hits="0" branch="false"/>
            <line number="20" hits="0" branch="false"/>
            <line number="25" hits="0" branch="false"/>
            <line number="27" hits="0" branch="false"/>
            <line number="31" hits="0" branch="false"/>
            <line number="32" hits="0" branch="false"/>
            <line number="35" hits="0" branch="false"/>
            <line number="36" hits="0" branch="false"/>
            <line number="39" hits="0" branch="false"/>
            <line number="40" hits="0" branch="false"/>
            <line number="41" hits="0" branch="false"/>
            <line number="42" hits="0" branch="false"/>
            <line number="44" hits="0" branch="false"/>
            <line number="45" hits="0" branch="false"/>
            <line number="47" hits="0" branch="false"/>
            <line number="48" hits="0" branch="false"/>
            <line number="50" hits="0" branch="false"/>
            <line number="51" hits="0" branch="false"/>
            <line number="510" hits="0" branch="false"/>
          </lines>
        </class>
      </classes>
    </package>
    <package name="app.(dashboard).classes.create" line-rate="0" branch-rate="0">
      <classes>
        <class name="createClass.tsx" filename="src/app/(dashboard)/classes/create/createClass.tsx" line-rate="0" branch-rate="0">
          <methods>
            <method name="(anonymous_2)" hits="0" signature="()V">
              <lines>
                <line number="22" hits="0"/>
              </lines>
            </method>
            <method name="(anonymous_3)" hits="0" signature="()V">
              <lines>
                <line number="29" hits="0"/>
              </lines>
            </method>
            <method name="(anonymous_4)" hits="0" signature="()V">
              <lines>
                <line number="33" hits="0"/>
              </lines>
            </method>
            <method name="(anonymous_5)" hits="0" signature="()V">
              <lines>
                <line number="37" hits="0"/>
              </lines>
            </method>
            <method name="(anonymous_6)" hits="0" signature="()V">
              <lines>
                <line number="41" hits="0"/>
              </lines>
            </method>
            <method name="(anonymous_7)" hits="0" signature="()V">
              <lines>
                <line number="45" hits="0"/>
              </lines>
            </method>
          </methods>
          <lines>
            <line number="3" hits="0" branch="false"/>
            <line number="4" hits="0" branch="false"/>
            <line number="5" hits="0" branch="false"/>
            <line number="6" hits="0" branch="false"/>
            <line number="7" hits="0" branch="false"/>
            <line number="8" hits="0" branch="false"/>
            <line number="10" hits="0" branch="false"/>
            <line number="11" hits="0" branch="false"/>
            <line number="12" hits="0" branch="false"/>
            <line number="13" hits="0" branch="false"/>
            <line number="15" hits="0" branch="false"/>
            <line number="16" hits="0" branch="false"/>
            <line number="22" hits="0" branch="false"/>
            <line number="23" hits="0" branch="false"/>
            <line number="24" hits="0" branch="false"/>
            <line number="25" hits="0" branch="false"/>
            <line number="26" hits="0" branch="false"/>
            <line number="27" hits="0" branch="false"/>
            <line number="29" hits="0" branch="false"/>
            <line number="30" hits="0" branch="false"/>
            <line number="33" hits="0" branch="false"/>
            <line number="34" hits="0" branch="false"/>
            <line number="37" hits="0" branch="false"/>
            <line number="38" hits="0" branch="false"/>
            <line number="41" hits="0" branch="false"/>
            <line number="42" hits="0" branch="false"/>
            <line number="45" hits="0" branch="false"/>
            <line number="46" hits="0" branch="false"/>
            <line number="47" hits="0" branch="false"/>
            <line number="249" hits="0" branch="false"/>
          </lines>
        </class>
        <class name="createdetail.tsx" filename="src/app/(dashboard)/classes/create/createdetail.tsx" line-rate="0" branch-rate="0">
          <methods>
            <method name="(anonymous_2)" hits="0" signature="()V">
              <lines>
                <line number="22" hits="0"/>
              </lines>
            </method>
            <method name="(anonymous_3)" hits="0" signature="()V">
              <lines>
                <line number="27" hits="0"/>
              </lines>
            </method>
            <method name="(anonymous_4)" hits="0" signature="()V">
              <lines>
                <line number="40" hits="0"/>
              </lines>
            </method>
            <method name="(anonymous_5)" hits="0" signature="()V">
              <lines>
                <line number="44" hits="0"/>
              </lines>
            </method>
            <method name="(anonymous_6)" hits="0" signature="()V">
              <lines>
                <line number="48" hits="0"/>
              </lines>
            </method>
            <method name="(anonymous_7)" hits="0" signature="()V">
              <lines>
                <line number="52" hits="0"/>
              </lines>
            </method>
          </methods>
          <lines>
            <line number="3" hits="0" branch="false"/>
            <line number="5" hits="0" branch="false"/>
            <line number="6" hits="0" branch="false"/>
            <line number="7" hits="0" branch="false"/>
            <line number="8" hits="0" branch="false"/>
            <line number="10" hits="0" branch="false"/>
            <line number="12" hits="0" branch="false"/>
            <line number="13" hits="0" branch="false"/>
            <line number="14" hits="0" branch="false"/>
            <line number="15" hits="0" branch="false"/>
            <line number="16" hits="0" branch="false"/>
            <line number="22" hits="0" branch="false"/>
            <line number="23" hits="0" branch="false"/>
            <line number="24" hits="0" branch="false"/>
            <line number="25" hits="0" branch="false"/>
            <line number="26" hits="0" branch="false"/>
            <line number="27" hits="0" branch="false"/>
            <line number="28" hits="0" branch="false"/>
            <line number="30" hits="0" branch="true" condition-coverage="0% (0/4)"/>
            <line number="31" hits="0" branch="false"/>
            <line number="32" hits="0" branch="true" condition-coverage="0% (0/3)"/>
            <line number="33" hits="0" branch="false"/>
            <line number="35" hits="0" branch="false"/>
            <line number="40" hits="0" branch="false"/>
            <line number="41" hits="0" branch="false"/>
            <line number="44" hits="0" branch="false"/>
            <line number="45" hits="0" branch="false"/>
            <line number="48" hits="0" branch="false"/>
            <line number="49" hits="0" branch="false"/>
            <line number="52" hits="0" branch="false"/>
            <line number="53" hits="0" branch="false"/>
            <line number="54" hits="0" branch="false"/>
            <line number="297" hits="0" branch="false"/>
          </lines>
        </class>
        <class name="page.tsx" filename="src/app/(dashboard)/classes/create/page.tsx" line-rate="0" branch-rate="0">
          <methods>
            <method name="(anonymous_2)" hits="0" signature="()V">
              <lines>
                <line number="8" hits="0"/>
              </lines>
            </method>
            <method name="(anonymous_3)" hits="0" signature="()V">
              <lines>
                <line number="11" hits="0"/>
              </lines>
            </method>
          </methods>
          <lines>
            <line number="4" hits="0" branch="false"/>
            <line number="6" hits="0" branch="false"/>
            <line number="8" hits="0" branch="false"/>
            <line number="9" hits="0" branch="false"/>
            <line number="11" hits="0" branch="false"/>
            <line number="12" hits="0" branch="false"/>
            <line number="40" hits="0" branch="false"/>
          </lines>
        </class>
      </classes>
    </package>
    <package name="app.(dashboard).dashboard" line-rate="0" branch-rate="1">
      <classes>
        <class name="page.tsx" filename="src/app/(dashboard)/dashboard/page.tsx" line-rate="0" branch-rate="1">
          <methods>
            <method name="(anonymous_1)" hits="0" signature="()V">
              <lines>
                <line number="5" hits="0"/>
              </lines>
            </method>
          </methods>
          <lines>
            <line number="5" hits="0" branch="false"/>
            <line number="13" hits="0" branch="false"/>
          </lines>
        </class>
      </classes>
    </package>
    <package name="app.(dashboard).syllabuses" line-rate="0" branch-rate="0">
      <classes>
        <class name="page.tsx" filename="src/app/(dashboard)/syllabuses/page.tsx" line-rate="0" branch-rate="0">
          <methods>
            <method name="(anonymous_5)" hits="0" signature="()V">
              <lines>
                <line number="29" hits="0"/>
              </lines>
            </method>
            <method name="(anonymous_6)" hits="0" signature="()V">
              <lines>
                <line number="35" hits="0"/>
              </lines>
            </method>
            <method name="(anonymous_7)" hits="0" signature="()V">
              <lines>
                <line number="55" hits="0"/>
              </lines>
            </method>
            <method name="(anonymous_8)" hits="0" signature="()V">
              <lines>
                <line number="56" hits="0"/>
              </lines>
            </method>
            <method name="(anonymous_9)" hits="0" signature="()V">
              <lines>
                <line number="66" hits="0"/>
              </lines>
            </method>
            <method name="(anonymous_10)" hits="0" signature="()V">
              <lines>
                <line number="73" hits="0"/>
              </lines>
            </method>
            <method name="(anonymous_11)" hits="0" signature="()V">
              <lines>
                <line number="74" hits="0"/>
              </lines>
            </method>
            <method name="(anonymous_12)" hits="0" signature="()V">
              <lines>
                <line number="87" hits="0"/>
              </lines>
            </method>
            <method name="(anonymous_13)" hits="0" signature="()V">
              <lines>
                <line number="106" hits="0"/>
              </lines>
            </method>
            <method name="(anonymous_14)" hits="0" signature="()V">
              <lines>
                <line number="111" hits="0"/>
              </lines>
            </method>
            <method name="(anonymous_15)" hits="0" signature="()V">
              <lines>
                <line number="154" hits="0"/>
              </lines>
            </method>
          </methods>
          <lines>
            <line number="2" hits="0" branch="false"/>
            <line number="3" hits="0" branch="false"/>
            <line number="4" hits="0" branch="false"/>
            <line number="5" hits="0" branch="false"/>
            <line number="6" hits="0" branch="false"/>
            <line number="7" hits="0" branch="false"/>
            <line number="8" hits="0" branch="false"/>
            <line number="9" hits="0" branch="false"/>
            <line number="10" hits="0" branch="false"/>
            <line number="11" hits="0" branch="false"/>
            <line number="12" hits="0" branch="false"/>
            <line number="13" hits="0" branch="false"/>
            <line number="14" hits="0" branch="false"/>
            <line number="15" hits="0" branch="false"/>
            <line number="16" hits="0" branch="false"/>
            <line number="17" hits="0" branch="false"/>
            <line number="18" hits="0" branch="false"/>
            <line number="19" hits="0" branch="false"/>
            <line number="20" hits="0" branch="false"/>
            <line number="21" hits="0" branch="false"/>
            <line number="22" hits="0" branch="false"/>
            <line number="23" hits="0" branch="false"/>
            <line number="29" hits="0" branch="false"/>
            <line number="33" hits="0" branch="false"/>
            <line number="34" hits="0" branch="false"/>
            <line number="35" hits="0" branch="false"/>
            <line number="36" hits="0" branch="false"/>
            <line number="37" hits="0" branch="false"/>
            <line number="39" hits="0" branch="false"/>
            <line number="45" hits="0" branch="false"/>
            <line number="46" hits="0" branch="false"/>
            <line number="51" hits="0" branch="false"/>
            <line number="53" hits="0" branch="true" condition-coverage="0% (0/2)"/>
            <line number="55" hits="0" branch="false"/>
            <line number="56" hits="0" branch="false"/>
            <line number="57" hits="0" branch="true" condition-coverage="0% (0/2)"/>
            <line number="59" hits="0" branch="true" condition-coverage="0% (0/4)"/>
            <line number="66" hits="0" branch="false"/>
            <line number="67" hits="0" branch="false"/>
            <line number="73" hits="0" branch="false"/>
            <line number="74" hits="0" branch="false"/>
            <line number="82" hits="0" branch="false"/>
            <line number="84" hits="0" branch="false"/>
            <line number="87" hits="0" branch="false"/>
            <line number="88" hits="0" branch="false"/>
            <line number="106" hits="0" branch="false"/>
            <line number="111" hits="0" branch="false"/>
            <line number="154" hits="0" branch="false"/>
            <line number="169" hits="0" branch="false"/>
          </lines>
        </class>
      </classes>
    </package>
    <package name="app.(dashboard).syllabuses.create" line-rate="0" branch-rate="0">
      <classes>
        <class name="page.tsx" filename="src/app/(dashboard)/syllabuses/create/page.tsx" line-rate="0" branch-rate="0">
          <methods>
            <method name="(anonymous_2)" hits="0" signature="()V">
              <lines>
                <line number="12" hits="0"/>
              </lines>
            </method>
            <method name="(anonymous_3)" hits="0" signature="()V">
              <lines>
                <line number="14" hits="0"/>
              </lines>
            </method>
            <method name="(anonymous_4)" hits="0" signature="()V">
              <lines>
                <line number="17" hits="0"/>
              </lines>
            </method>
          </methods>
          <lines>
            <line number="2" hits="0" branch="false"/>
            <line number="3" hits="0" branch="false"/>
            <line number="4" hits="0" branch="false"/>
            <line number="8" hits="0" branch="false"/>
            <line number="9" hits="0" branch="false"/>
            <line number="10" hits="0" branch="false"/>
            <line number="11" hits="0" branch="false"/>
            <line number="12" hits="0" branch="false"/>
            <line number="13" hits="0" branch="false"/>
            <line number="14" hits="0" branch="false"/>
            <line number="15" hits="0" branch="false"/>
            <line number="17" hits="0" branch="false"/>
            <line number="18" hits="0" branch="true" condition-coverage="0% (0/2)"/>
            <line number="19" hits="0" branch="false"/>
            <line number="20" hits="0" branch="true" condition-coverage="0% (0/2)"/>
            <line number="21" hits="0" branch="false"/>
            <line number="22" hits="0" branch="true" condition-coverage="0% (0/1)"/>
            <line number="23" hits="0" branch="false"/>
            <line number="88" hits="0" branch="false"/>
          </lines>
        </class>
      </classes>
    </package>
    <package name="app.(dashboard).syllabuses.create.general" line-rate="0" branch-rate="1">
      <classes>
        <class name="page.tsx" filename="src/app/(dashboard)/syllabuses/create/general/page.tsx" line-rate="0" branch-rate="1">
          <methods>
            <method name="(anonymous_2)" hits="0" signature="()V">
              <lines>
                <line number="4" hits="0"/>
              </lines>
            </method>
          </methods>
          <lines>
            <line number="1" hits="0" branch="false"/>
            <line number="2" hits="0" branch="false"/>
            <line number="4" hits="0" branch="false"/>
            <line number="137" hits="0" branch="false"/>
          </lines>
        </class>
      </classes>
    </package>
    <package name="app.(dashboard).syllabuses.create.other" line-rate="0" branch-rate="1">
      <classes>
        <class name="page.tsx" filename="src/app/(dashboard)/syllabuses/create/other/page.tsx" line-rate="0" branch-rate="1">
          <methods>
            <method name="(anonymous_2)" hits="0" signature="()V">
              <lines>
                <line number="3" hits="0"/>
              </lines>
            </method>
          </methods>
          <lines>
            <line number="1" hits="0" branch="false"/>
            <line number="2" hits="0" branch="false"/>
            <line number="3" hits="0" branch="false"/>
            <line number="165" hits="0" branch="false"/>
          </lines>
        </class>
      </classes>
    </package>
    <package name="app.(dashboard).syllabuses.create.outline" line-rate="0" branch-rate="0">
      <classes>
        <class name="page.tsx" filename="src/app/(dashboard)/syllabuses/create/outline/page.tsx" line-rate="0" branch-rate="0">
          <methods>
            <method name="(anonymous_2)" hits="0" signature="()V">
              <lines>
                <line number="36" hits="0"/>
              </lines>
            </method>
            <method name="(anonymous_3)" hits="0" signature="()V">
              <lines>
                <line number="53" hits="0"/>
              </lines>
            </method>
            <method name="(anonymous_4)" hits="0" signature="()V">
              <lines>
                <line number="55" hits="0"/>
              </lines>
            </method>
            <method name="(anonymous_5)" hits="0" signature="()V">
              <lines>
                <line number="58" hits="0"/>
              </lines>
            </method>
            <method name="(anonymous_6)" hits="0" signature="()V">
              <lines>
                <line number="59" hits="0"/>
              </lines>
            </method>
            <method name="(anonymous_7)" hits="0" signature="()V">
              <lines>
                <line number="74" hits="0"/>
              </lines>
            </method>
            <method name="(anonymous_8)" hits="0" signature="()V">
              <lines>
                <line number="88" hits="0"/>
              </lines>
            </method>
            <method name="(anonymous_9)" hits="0" signature="()V">
              <lines>
                <line number="102" hits="0"/>
              </lines>
            </method>
            <method name="(anonymous_10)" hits="0" signature="()V">
              <lines>
                <line number="111" hits="0"/>
              </lines>
            </method>
            <method name="(anonymous_11)" hits="0" signature="()V">
              <lines>
                <line number="130" hits="0"/>
              </lines>
            </method>
            <method name="(anonymous_12)" hits="0" signature="()V">
              <lines>
                <line number="150" hits="0"/>
              </lines>
            </method>
            <method name="(anonymous_13)" hits="0" signature="()V">
              <lines>
                <line number="151" hits="0"/>
              </lines>
            </method>
            <method name="(anonymous_14)" hits="0" signature="()V">
              <lines>
                <line number="170" hits="0"/>
              </lines>
            </method>
            <method name="(anonymous_15)" hits="0" signature="()V">
              <lines>
                <line number="181" hits="0"/>
              </lines>
            </method>
            <method name="(anonymous_16)" hits="0" signature="()V">
              <lines>
                <line number="245" hits="0"/>
              </lines>
            </method>
            <method name="(anonymous_17)" hits="0" signature="()V">
              <lines>
                <line number="249" hits="0"/>
              </lines>
            </method>
            <method name="(anonymous_18)" hits="0" signature="()V">
              <lines>
                <line number="260" hits="0"/>
              </lines>
            </method>
            <method name="(anonymous_19)" hits="0" signature="()V">
              <lines>
                <line number="270" hits="0"/>
              </lines>
            </method>
          </methods>
          <lines>
            <line number="3" hits="0" branch="false"/>
            <line number="7" hits="0" branch="false"/>
            <line number="8" hits="0" branch="false"/>
            <line number="9" hits="0" branch="false"/>
            <line number="10" hits="0" branch="false"/>
            <line number="11" hits="0" branch="false"/>
            <line number="12" hits="0" branch="false"/>
            <line number="13" hits="0" branch="false"/>
            <line number="14" hits="0" branch="false"/>
            <line number="15" hits="0" branch="false"/>
            <line number="16" hits="0" branch="false"/>
            <line number="36" hits="0" branch="false"/>
            <line number="40" hits="0" branch="false"/>
            <line number="41" hits="0" branch="false"/>
            <line number="44" hits="0" branch="false"/>
            <line number="45" hits="0" branch="false"/>
            <line number="47" hits="0" branch="false"/>
            <line number="48" hits="0" branch="false"/>
            <line number="49" hits="0" branch="false"/>
            <line number="50" hits="0" branch="false"/>
            <line number="51" hits="0" branch="false"/>
            <line number="53" hits="0" branch="false"/>
            <line number="54" hits="0" branch="false"/>
            <line number="55" hits="0" branch="false"/>
            <line number="58" hits="0" branch="false"/>
            <line number="59" hits="0" branch="false"/>
            <line number="60" hits="0" branch="true" condition-coverage="0% (0/2)"/>
            <line number="61" hits="0" branch="false"/>
            <line number="62" hits="0" branch="false"/>
            <line number="63" hits="0" branch="false"/>
            <line number="64" hits="0" branch="false"/>
            <line number="65" hits="0" branch="false"/>
            <line number="67" hits="0" branch="false"/>
            <line number="74" hits="0" branch="false"/>
            <line number="80" hits="0" branch="true" condition-coverage="0% (0/3)"/>
            <line number="81" hits="0" branch="false"/>
            <line number="84" hits="0" branch="false"/>
            <line number="87" hits="0" branch="false"/>
            <line number="88" hits="0" branch="true" condition-coverage="0% (0/2)"/>
            <line number="91" hits="0" branch="true" condition-coverage="0% (0/2)"/>
            <line number="92" hits="0" branch="false"/>
            <line number="97" hits="0" branch="false"/>
            <line number="98" hits="0" branch="false"/>
            <line number="101" hits="0" branch="false"/>
            <line number="103" hits="0" branch="true" condition-coverage="0% (0/2)"/>
            <line number="106" hits="0" branch="false"/>
            <line number="107" hits="0" branch="false"/>
            <line number="111" hits="0" branch="false"/>
            <line number="115" hits="0" branch="false"/>
            <line number="116" hits="0" branch="false"/>
            <line number="117" hits="0" branch="false"/>
            <line number="131" hits="0" branch="false"/>
            <line number="150" hits="0" branch="false"/>
            <line number="152" hits="0" branch="false"/>
            <line number="171" hits="0" branch="false"/>
            <line number="172" hits="0" branch="false"/>
            <line number="182" hits="0" branch="false"/>
            <line number="246" hits="0" branch="true" condition-coverage="0% (0/2)"/>
            <line number="250" hits="0" branch="false"/>
            <line number="261" hits="0" branch="false"/>
            <line number="271" hits="0" branch="false"/>
            <line number="400" hits="0" branch="false"/>
          </lines>
        </class>
      </classes>
    </package>
    <package name="app.(dashboard).syllabuses.viewdetail" line-rate="0" branch-rate="1">
      <classes>
        <class name="page.tsx" filename="src/app/(dashboard)/syllabuses/viewdetail/page.tsx" line-rate="0" branch-rate="1">
          <methods>
            <method name="(anonymous_1)" hits="0" signature="()V">
              <lines>
                <line number="10" hits="0"/>
              </lines>
            </method>
          </methods>
          <lines>
            <line number="3" hits="0" branch="false"/>
            <line number="4" hits="0" branch="false"/>
            <line number="5" hits="0" branch="false"/>
            <line number="8" hits="0" branch="false"/>
            <line number="9" hits="0" branch="false"/>
            <line number="10" hits="0" branch="false"/>
            <line number="101" hits="0" branch="false"/>
          </lines>
        </class>
      </classes>
    </package>
    <package name="app.(dashboard).syllabuses.viewdetail.[id]" line-rate="0" branch-rate="0">
      <classes>
        <class name="page.tsx" filename="src/app/(dashboard)/syllabuses/viewdetail/[id]/page.tsx" line-rate="0" branch-rate="0">
          <methods>
            <method name="(anonymous_1)" hits="0" signature="()V">
              <lines>
                <line number="22" hits="0"/>
              </lines>
            </method>
            <method name="(anonymous_2)" hits="0" signature="()V">
              <lines>
                <line number="29" hits="0"/>
              </lines>
            </method>
            <method name="(anonymous_3)" hits="0" signature="()V">
              <lines>
                <line number="35" hits="0"/>
              </lines>
            </method>
            <method name="(anonymous_4)" hits="0" signature="()V">
              <lines>
                <line number="36" hits="0"/>
              </lines>
            </method>
            <method name="(anonymous_5)" hits="0" signature="()V">
              <lines>
                <line number="47" hits="0"/>
              </lines>
            </method>
            <method name="(anonymous_6)" hits="0" signature="()V">
              <lines>
                <line number="53" hits="0"/>
              </lines>
            </method>
            <method name="(anonymous_7)" hits="0" signature="()V">
              <lines>
                <line number="54" hits="0"/>
              </lines>
            </method>
            <method name="(anonymous_8)" hits="0" signature="()V">
              <lines>
                <line number="64" hits="0"/>
              </lines>
            </method>
          </methods>
          <lines>
            <line number="2" hits="0" branch="false"/>
            <line number="3" hits="0" branch="false"/>
            <line number="4" hits="0" branch="false"/>
            <line number="5" hits="0" branch="false"/>
            <line number="8" hits="0" branch="false"/>
            <line number="9" hits="0" branch="false"/>
            <line number="14" hits="0" branch="false"/>
            <line number="16" hits="0" branch="false"/>
            <line number="20" hits="0" branch="false"/>
            <line number="22" hits="0" branch="false"/>
            <line number="23" hits="0" branch="false"/>
            <line number="24" hits="0" branch="false"/>
            <line number="26" hits="0" branch="false"/>
            <line number="27" hits="0" branch="false"/>
            <line number="29" hits="0" branch="false"/>
            <line number="30" hits="0" branch="true" condition-coverage="0% (0/1)"/>
            <line number="31" hits="0" branch="false"/>
            <line number="32" hits="0" branch="false"/>
            <line number="35" hits="0" branch="false"/>
            <line number="36" hits="0" branch="false"/>
            <line number="37" hits="0" branch="false"/>
            <line number="38" hits="0" branch="false"/>
            <line number="39" hits="0" branch="false"/>
            <line number="41" hits="0" branch="false"/>
            <line number="44" hits="0" branch="false"/>
            <line number="47" hits="0" branch="false"/>
            <line number="48" hits="0" branch="true" condition-coverage="0% (0/1)"/>
            <line number="49" hits="0" branch="false"/>
            <line number="50" hits="0" branch="false"/>
            <line number="53" hits="0" branch="false"/>
            <line number="54" hits="0" branch="false"/>
            <line number="55" hits="0" branch="false"/>
            <line number="56" hits="0" branch="false"/>
            <line number="58" hits="0" branch="false"/>
            <line number="61" hits="0" branch="false"/>
            <line number="64" hits="0" branch="false"/>
            <line number="65" hits="0" branch="true" condition-coverage="0% (0/2)"/>
            <line number="67" hits="0" branch="true" condition-coverage="0% (0/4)"/>
            <line number="172" hits="0" branch="false"/>
          </lines>
        </class>
      </classes>
    </package>
    <package name="app.(dashboard).training-calendar" line-rate="0" branch-rate="0">
      <classes>
        <class name="page.tsx" filename="src/app/(dashboard)/training-calendar/page.tsx" line-rate="0" branch-rate="0">
          <methods>
            <method name="(anonymous_2)" hits="0" signature="()V">
              <lines>
                <line number="22" hits="0"/>
              </lines>
            </method>
            <method name="(anonymous_3)" hits="0" signature="()V">
              <lines>
                <line number="26" hits="0"/>
              </lines>
            </method>
            <method name="(anonymous_4)" hits="0" signature="()V">
              <lines>
                <line number="29" hits="0"/>
              </lines>
            </method>
            <method name="(anonymous_5)" hits="0" signature="()V">
              <lines>
                <line number="31" hits="0"/>
              </lines>
            </method>
            <method name="(anonymous_6)" hits="0" signature="()V">
              <lines>
                <line number="32" hits="0"/>
              </lines>
            </method>
            <method name="(anonymous_7)" hits="0" signature="()V">
              <lines>
                <line number="44" hits="0"/>
              </lines>
            </method>
            <method name="(anonymous_8)" hits="0" signature="()V">
              <lines>
                <line number="64" hits="0"/>
              </lines>
            </method>
            <method name="(anonymous_9)" hits="0" signature="()V">
              <lines>
                <line number="73" hits="0"/>
              </lines>
            </method>
          </methods>
          <lines>
            <line number="2" hits="0" branch="false"/>
            <line number="3" hits="0" branch="false"/>
            <line number="4" hits="0" branch="false"/>
            <line number="5" hits="0" branch="false"/>
            <line number="6" hits="0" branch="false"/>
            <line number="7" hits="0" branch="false"/>
            <line number="8" hits="0" branch="false"/>
            <line number="10" hits="0" branch="false"/>
            <line number="22" hits="0" branch="false"/>
            <line number="23" hits="0" branch="false"/>
            <line number="24" hits="0" branch="false"/>
            <line number="26" hits="0" branch="false"/>
            <line number="27" hits="0" branch="false"/>
            <line number="29" hits="0" branch="false"/>
            <line number="31" hits="0" branch="false"/>
            <line number="32" hits="0" branch="false"/>
            <line number="33" hits="0" branch="true" condition-coverage="0% (0/1)"/>
            <line number="34" hits="0" branch="false"/>
            <line number="44" hits="0" branch="false"/>
            <line number="64" hits="0" branch="false"/>
            <line number="73" hits="0" branch="false"/>
            <line number="97" hits="0" branch="false"/>
          </lines>
        </class>
      </classes>
    </package>
    <package name="app.(dashboard).training-programs" line-rate="0" branch-rate="0">
      <classes>
        <class name="page.tsx" filename="src/app/(dashboard)/training-programs/page.tsx" line-rate="0" branch-rate="0">
          <methods>
            <method name="(anonymous_5)" hits="0" signature="()V">
              <lines>
                <line number="30" hits="0"/>
              </lines>
            </method>
            <method name="(anonymous_6)" hits="0" signature="()V">
              <lines>
                <line number="46" hits="0"/>
              </lines>
            </method>
            <method name="(anonymous_7)" hits="0" signature="()V">
              <lines>
                <line number="51" hits="0"/>
              </lines>
            </method>
            <method name="(anonymous_8)" hits="0" signature="()V">
              <lines>
                <line number="64" hits="0"/>
              </lines>
            </method>
            <method name="(anonymous_9)" hits="0" signature="()V">
              <lines>
                <line number="65" hits="0"/>
              </lines>
            </method>
            <method name="(anonymous_10)" hits="0" signature="()V">
              <lines>
                <line number="105" hits="0"/>
              </lines>
            </method>
            <method name="(anonymous_11)" hits="0" signature="()V">
              <lines>
                <line number="135" hits="0"/>
              </lines>
            </method>
            <method name="(anonymous_12)" hits="0" signature="()V">
              <lines>
                <line number="149" hits="0"/>
              </lines>
            </method>
          </methods>
          <lines>
            <line number="2" hits="0" branch="false"/>
            <line number="3" hits="0" branch="false"/>
            <line number="4" hits="0" branch="false"/>
            <line number="5" hits="0" branch="false"/>
            <line number="6" hits="0" branch="false"/>
            <line number="7" hits="0" branch="false"/>
            <line number="8" hits="0" branch="false"/>
            <line number="9" hits="0" branch="false"/>
            <line number="10" hits="0" branch="false"/>
            <line number="11" hits="0" branch="false"/>
            <line number="12" hits="0" branch="false"/>
            <line number="13" hits="0" branch="false"/>
            <line number="14" hits="0" branch="false"/>
            <line number="15" hits="0" branch="false"/>
            <line number="16" hits="0" branch="false"/>
            <line number="17" hits="0" branch="false"/>
            <line number="18" hits="0" branch="false"/>
            <line number="19" hits="0" branch="false"/>
            <line number="20" hits="0" branch="false"/>
            <line number="21" hits="0" branch="false"/>
            <line number="24" hits="0" branch="false"/>
            <line number="30" hits="0" branch="false"/>
            <line number="31" hits="0" branch="false"/>
            <line number="32" hits="0" branch="false"/>
            <line number="33" hits="0" branch="false"/>
            <line number="34" hits="0" branch="false"/>
            <line number="40" hits="0" branch="false"/>
            <line number="42" hits="0" branch="false"/>
            <line number="44" hits="0" branch="true" condition-coverage="0% (0/2)"/>
            <line number="46" hits="0" branch="false"/>
            <line number="47" hits="0" branch="false"/>
            <line number="48" hits="0" branch="false"/>
            <line number="51" hits="0" branch="false"/>
            <line number="52" hits="0" branch="true" condition-coverage="0% (0/1)"/>
            <line number="60" hits="0" branch="false"/>
            <line number="64" hits="0" branch="false"/>
            <line number="65" hits="0" branch="false"/>
            <line number="66" hits="0" branch="false"/>
            <line number="72" hits="0" branch="false"/>
            <line number="105" hits="0" branch="false"/>
            <line number="135" hits="0" branch="false"/>
            <line number="149" hits="0" branch="false"/>
            <line number="159" hits="0" branch="false"/>
          </lines>
        </class>
      </classes>
    </package>
    <package name="app.(dashboard).training-programs.[id]" line-rate="0" branch-rate="1">
      <classes>
        <class name="page.tsx" filename="src/app/(dashboard)/training-programs/[id]/page.tsx" line-rate="0" branch-rate="1">
          <methods>
            <method name="(anonymous_2)" hits="0" signature="()V">
              <lines>
                <line number="6" hits="0"/>
              </lines>
            </method>
            <method name="(anonymous_3)" hits="0" signature="()V">
              <lines>
                <line number="41" hits="0"/>
              </lines>
            </method>
          </methods>
          <lines>
            <line number="1" hits="0" branch="false"/>
            <line number="2" hits="0" branch="false"/>
            <line number="3" hits="0" branch="false"/>
            <line number="4" hits="0" branch="false"/>
            <line number="6" hits="0" branch="false"/>
            <line number="41" hits="0" branch="false"/>
            <line number="67" hits="0" branch="false"/>
          </lines>
        </class>
      </classes>
    </package>
    <package name="app.(dashboard).training-programs.create" line-rate="0" branch-rate="0">
      <classes>
        <class name="page.tsx" filename="src/app/(dashboard)/training-programs/create/page.tsx" line-rate="0" branch-rate="0">
          <methods>
            <method name="(anonymous_5)" hits="0" signature="()V">
              <lines>
                <line number="8" hits="0"/>
              </lines>
            </method>
            <method name="(anonymous_6)" hits="0" signature="()V">
              <lines>
                <line number="17" hits="0"/>
              </lines>
            </method>
            <method name="(anonymous_7)" hits="0" signature="()V">
              <lines>
                <line number="21" hits="0"/>
              </lines>
            </method>
            <method name="(anonymous_8)" hits="0" signature="()V">
              <lines>
                <line number="30" hits="0"/>
              </lines>
            </method>
            <method name="(anonymous_9)" hits="0" signature="()V">
              <lines>
                <line number="47" hits="0"/>
              </lines>
            </method>
            <method name="(anonymous_10)" hits="0" signature="()V">
              <lines>
                <line number="66" hits="0"/>
              </lines>
            </method>
          </methods>
          <lines>
            <line number="2" hits="0" branch="false"/>
            <line number="3" hits="0" branch="false"/>
            <line number="5" hits="0" branch="false"/>
            <line number="6" hits="0" branch="false"/>
            <line number="7" hits="0" branch="false"/>
            <line number="8" hits="0" branch="false"/>
            <line number="9" hits="0" branch="false"/>
            <line number="10" hits="0" branch="false"/>
            <line number="11" hits="0" branch="false"/>
            <line number="13" hits="0" branch="false"/>
            <line number="17" hits="0" branch="false"/>
            <line number="18" hits="0" branch="false"/>
            <line number="21" hits="0" branch="false"/>
            <line number="22" hits="0" branch="true" condition-coverage="0% (0/2)"/>
            <line number="23" hits="0" branch="false"/>
            <line number="24" hits="0" branch="false"/>
            <line number="26" hits="0" branch="false"/>
            <line number="30" hits="0" branch="false"/>
            <line number="47" hits="0" branch="false"/>
            <line number="66" hits="0" branch="false"/>
            <line number="73" hits="0" branch="false"/>
          </lines>
        </class>
      </classes>
    </package>
    <package name="app.(dashboard).training-programs.detail" line-rate="0" branch-rate="1">
      <classes>
        <class name="page.tsx" filename="src/app/(dashboard)/training-programs/detail/page.tsx" line-rate="0" branch-rate="1">
          <methods>
            <method name="Page" hits="0" signature="()V">
              <lines>
                <line number="1" hits="0"/>
              </lines>
            </method>
          </methods>
          <lines>
            <line number="1" hits="0" branch="false"/>
          </lines>
        </class>
      </classes>
    </package>
    <package name="app.components.CheckboxImport" line-rate="0" branch-rate="1">
      <classes>
        <class name="CheckboxImport.tsx" filename="src/app/components/CheckboxImport/CheckboxImport.tsx" line-rate="0" branch-rate="1">
          <methods>
            <method name="(anonymous_2)" hits="0" signature="()V">
              <lines>
                <line number="3" hits="0"/>
              </lines>
            </method>
          </methods>
          <lines>
            <line number="1" hits="0" branch="false"/>
            <line number="3" hits="0" branch="false"/>
            <line number="22" hits="0" branch="false"/>
          </lines>
        </class>
      </classes>
    </package>
    <package name="app.components.CreatePage" line-rate="0" branch-rate="1">
      <classes>
        <class name="CreatePage.tsx" filename="src/app/components/CreatePage/CreatePage.tsx" line-rate="0" branch-rate="1">
          <methods>
            <method name="(anonymous_5)" hits="0" signature="()V">
              <lines>
                <line number="6" hits="0"/>
              </lines>
            </method>
            <method name="(anonymous_6)" hits="0" signature="()V">
              <lines>
                <line number="20" hits="0"/>
              </lines>
            </method>
            <method name="(anonymous_7)" hits="0" signature="()V">
              <lines>
                <line number="25" hits="0"/>
              </lines>
            </method>
            <method name="(anonymous_8)" hits="0" signature="()V">
              <lines>
                <line number="29" hits="0"/>
              </lines>
            </method>
            <method name="(anonymous_9)" hits="0" signature="()V">
              <lines>
                <line number="69" hits="0"/>
              </lines>
            </method>
          </methods>
          <lines>
            <line number="1" hits="0" branch="false"/>
            <line number="2" hits="0" branch="false"/>
            <line number="3" hits="0" branch="false"/>
            <line number="4" hits="0" branch="false"/>
            <line number="6" hits="0" branch="false"/>
            <line number="8" hits="0" branch="false"/>
            <line number="15" hits="0" branch="false"/>
            <line number="17" hits="0" branch="false"/>
            <line number="20" hits="0" branch="false"/>
            <line number="21" hits="0" branch="false"/>
            <line number="22" hits="0" branch="false"/>
            <line number="25" hits="0" branch="false"/>
            <line number="26" hits="0" branch="false"/>
            <line number="27" hits="0" branch="false"/>
            <line number="29" hits="0" branch="false"/>
            <line number="30" hits="0" branch="false"/>
            <line number="31" hits="0" branch="false"/>
            <line number="34" hits="0" branch="false"/>
            <line number="37" hits="0" branch="false"/>
            <line number="69" hits="0" branch="false"/>
            <line number="95" hits="0" branch="false"/>
          </lines>
        </class>
      </classes>
    </package>
    <package name="app.components.ImportTrainingProgram" line-rate="0" branch-rate="0">
      <classes>
        <class name="ImportTrainingProgram.tsx" filename="src/app/components/ImportTrainingProgram/ImportTrainingProgram.tsx" line-rate="0" branch-rate="0">
          <methods>
            <method name="(anonymous_5)" hits="0" signature="()V">
              <lines>
                <line number="34" hits="0"/>
              </lines>
            </method>
            <method name="(anonymous_6)" hits="0" signature="()V">
              <lines>
                <line number="48" hits="0"/>
              </lines>
            </method>
            <method name="(anonymous_7)" hits="0" signature="()V">
              <lines>
                <line number="52" hits="0"/>
              </lines>
            </method>
            <method name="(anonymous_8)" hits="0" signature="()V">
              <lines>
                <line number="66" hits="0"/>
              </lines>
            </method>
            <method name="(anonymous_9)" hits="0" signature="()V">
              <lines>
                <line number="92" hits="0"/>
              </lines>
            </method>
            <method name="(anonymous_10)" hits="0" signature="()V">
              <lines>
                <line number="158" hits="0"/>
              </lines>
            </method>
            <method name="(anonymous_11)" hits="0" signature="()V">
              <lines>
                <line number="171" hits="0"/>
              </lines>
            </method>
          </methods>
          <lines>
            <line number="3" hits="0" branch="false"/>
            <line number="4" hits="0" branch="false"/>
            <line number="6" hits="0" branch="false"/>
            <line number="7" hits="0" branch="false"/>
            <line number="9" hits="0" branch="false"/>
            <line number="10" hits="0" branch="false"/>
            <line number="11" hits="0" branch="false"/>
            <line number="12" hits="0" branch="false"/>
            <line number="13" hits="0" branch="false"/>
            <line number="14" hits="0" branch="false"/>
            <line number="15" hits="0" branch="false"/>
            <line number="23" hits="0" branch="false"/>
            <line number="29" hits="0" branch="false"/>
            <line number="34" hits="0" branch="false"/>
            <line number="35" hits="0" branch="false"/>
            <line number="36" hits="0" branch="false"/>
            <line number="37" hits="0" branch="false"/>
            <line number="38" hits="0" branch="false"/>
            <line number="39" hits="0" branch="false"/>
            <line number="40" hits="0" branch="false"/>
            <line number="41" hits="0" branch="false"/>
            <line number="42" hits="0" branch="false"/>
            <line number="43" hits="0" branch="false"/>
            <line number="44" hits="0" branch="false"/>
            <line number="45" hits="0" branch="false"/>
            <line number="46" hits="0" branch="false"/>
            <line number="48" hits="0" branch="false"/>
            <line number="49" hits="0" branch="false"/>
            <line number="52" hits="0" branch="false"/>
            <line number="53" hits="0" branch="false"/>
            <line number="61" hits="0" branch="true" condition-coverage="0% (0/1)"/>
            <line number="62" hits="0" branch="false"/>
            <line number="63" hits="0" branch="false"/>
            <line number="66" hits="0" branch="false"/>
            <line number="68" hits="0" branch="false"/>
            <line number="69" hits="0" branch="false"/>
            <line number="70" hits="0" branch="false"/>
            <line number="71" hits="0" branch="false"/>
            <line number="72" hits="0" branch="false"/>
            <line number="73" hits="0" branch="false"/>
            <line number="74" hits="0" branch="false"/>
            <line number="84" hits="0" branch="true" condition-coverage="0% (0/2)"/>
            <line number="85" hits="0" branch="false"/>
            <line number="87" hits="0" branch="false"/>
            <line number="89" hits="0" branch="true" condition-coverage="0% (0/1)"/>
            <line number="90" hits="0" branch="false"/>
            <line number="91" hits="0" branch="false"/>
            <line number="92" hits="0" branch="false"/>
            <line number="93" hits="0" branch="false"/>
            <line number="96" hits="0" branch="false"/>
            <line number="97" hits="0" branch="false"/>
            <line number="158" hits="0" branch="false"/>
            <line number="171" hits="0" branch="false"/>
          </lines>
        </class>
      </classes>
    </package>
    <package name="app.components.advanced-search" line-rate="1" branch-rate="1">
      <classes>
        <class name="ClassAvancedSreach.tsx" filename="src/app/components/advanced-search/ClassAvancedSreach.tsx" line-rate="1" branch-rate="1">
          <methods>
            <method name="(anonymous_2)" hits="4" signature="()V">
              <lines>
                <line number="15" hits="4"/>
              </lines>
            </method>
[...]
            <line number="5" hits="2" branch="false"/>
            <line number="7" hits="2" branch="false"/>
            <line number="30" hits="5" branch="false"/>
          </lines>
        </class>
        <class name="time-picker.tsx" filename="src/app/components/time-picker/time-picker.tsx" line-rate="1" branch-rate="1">
          <methods>
            <method name="(anonymous_2)" hits="4" signature="()V">
              <lines>
                <line number="5" hits="4"/>
              </lines>
            </method>
          </methods>
          <lines>
            <line number="1" hits="1" branch="false"/>
            <line number="3" hits="1" branch="false"/>
            <line number="4" hits="1" branch="false"/>
            <line number="5" hits="1" branch="false"/>
            <line number="13" hits="3" branch="false"/>
          </lines>
        </class>
      </classes>
    </package>
    <package name="app.components.toggle" line-rate="0.5384" branch-rate="0.375">
      <classes>
        <class name="syllabus-toggle.tsx" filename="src/app/components/toggle/syllabus-toggle.tsx" line-rate="0" branch-rate="0">
          <methods>
            <method name="(anonymous_4)" hits="0" signature="()V">
              <lines>
                <line number="11" hits="0"/>
              </lines>
            </method>
            <method name="(anonymous_5)" hits="0" signature="()V">
              <lines>
                <line number="20" hits="0"/>
              </lines>
            </method>
          </methods>
          <lines>
            <line number="1" hits="0" branch="false"/>
            <line number="11" hits="0" branch="false"/>
            <line number="18" hits="0" branch="false"/>
            <line number="20" hits="0" branch="false"/>
            <line number="21" hits="0" branch="false"/>
            <line number="22" hits="0" branch="true" condition-coverage="0% (0/2)"/>
          </lines>
        </class>
        <class name="toggle.tsx" filename="src/app/components/toggle/toggle.tsx" line-rate="1" branch-rate="1">
          <methods>
            <method name="(anonymous_4)" hits="28" signature="()V">
              <lines>
                <line number="11" hits="28"/>
              </lines>
            </method>
            <method name="(anonymous_5)" hits="4" signature="()V">
              <lines>
                <line number="14" hits="4"/>
              </lines>
            </method>
          </methods>
          <lines>
            <line number="1" hits="3" branch="false"/>
            <line number="11" hits="26" branch="false"/>
            <line number="12" hits="28" branch="false"/>
            <line number="14" hits="28" branch="false"/>
            <line number="15" hits="4" branch="false"/>
            <line number="16" hits="4" branch="false"/>
            <line number="17" hits="4" branch="false"/>
          </lines>
        </class>
      </classes>
    </package>
    <package name="app.components.training-program" line-rate="0" branch-rate="0">
      <classes>
        <class name="CreateTrainingProgramStep2.tsx" filename="src/app/components/training-program/CreateTrainingProgramStep2.tsx" line-rate="0" branch-rate="0">
          <methods>
            <method name="(anonymous_2)" hits="0" signature="()V">
              <lines>
                <line number="16" hits="0"/>
              </lines>
            </method>
            <method name="(anonymous_3)" hits="0" signature="()V">
              <lines>
                <line number="25" hits="0"/>
              </lines>
            </method>
            <method name="(anonymous_4)" hits="0" signature="()V">
              <lines>
                <line number="30" hits="0"/>
              </lines>
            </method>
            <method name="(anonymous_5)" hits="0" signature="()V">
              <lines>
                <line number="113" hits="0"/>
              </lines>
            </method>
          </methods>
          <lines>
            <line number="1" hits="0" branch="false"/>
            <line number="2" hits="0" branch="false"/>
            <line number="3" hits="0" branch="false"/>
            <line number="4" hits="0" branch="false"/>
            <line number="5" hits="0" branch="false"/>
            <line number="6" hits="0" branch="false"/>
            <line number="7" hits="0" branch="false"/>
            <line number="14" hits="0" branch="false"/>
            <line number="16" hits="0" branch="false"/>
            <line number="17" hits="0" branch="false"/>
            <line number="22" hits="0" branch="false"/>
            <line number="23" hits="0" branch="false"/>
            <line number="25" hits="0" branch="false"/>
            <line number="26" hits="0" branch="true" condition-coverage="0% (0/2)"/>
            <line number="27" hits="0" branch="true" condition-coverage="0% (0/2)"/>
            <line number="30" hits="0" branch="false"/>
            <line number="31" hits="0" branch="false"/>
            <line number="32" hits="0" branch="false"/>
            <line number="33" hits="0" branch="false"/>
            <line number="40" hits="0" branch="false"/>
            <line number="41" hits="0" branch="false"/>
            <line number="43" hits="0" branch="false"/>
            <line number="113" hits="0" branch="false"/>
          </lines>
        </class>
      </classes>
    </package>
    <package name="app.components.upload-image" line-rate="0.4782" branch-rate="0.25">
      <classes>
        <class name="index.tsx" filename="src/app/components/upload-image/index.tsx" line-rate="0.4782" branch-rate="0.25">
          <methods>
            <method name="(anonymous_2)" hits="3" signature="()V">
              <lines>
                <line number="12" hits="3"/>
              </lines>
            </method>
            <method name="(anonymous_3)" hits="0" signature="()V">
              <lines>
                <line number="17" hits="0"/>
              </lines>
            </method>
            <method name="(anonymous_4)" hits="0" signature="()V">
              <lines>
                <line number="27" hits="0"/>
              </lines>
            </method>
            <method name="(anonymous_5)" hits="0" signature="()V">
              <lines>
                <line number="58" hits="0"/>
              </lines>
            </method>
            <method name="(anonymous_6)" hits="0" signature="()V">
              <lines>
                <line number="65" hits="0"/>
              </lines>
            </method>
          </methods>
          <lines>
            <line number="3" hits="1" branch="false"/>
            <line number="4" hits="1" branch="false"/>
            <line number="6" hits="1" branch="false"/>
            <line number="7" hits="1" branch="false"/>
            <line number="9" hits="1" branch="false"/>
            <line number="12" hits="3" branch="false"/>
            <line number="13" hits="3" branch="false"/>
            <line number="14" hits="3" branch="false"/>
            <line number="15" hits="3" branch="false"/>
            <line number="17" hits="3" branch="false"/>
            <line number="18" hits="0" branch="false"/>
            <line number="20" hits="0" branch="true" condition-coverage="0% (0/1)"/>
            <line number="21" hits="0" branch="false"/>
            <line number="22" hits="0" branch="false"/>
            <line number="23" hits="0" branch="false"/>
            <line number="27" hits="3" branch="false"/>
            <line number="28" hits="0" branch="true" condition-coverage="0% (0/1)"/>
            <line number="29" hits="0" branch="false"/>
            <line number="30" hits="0" branch="true" condition-coverage="0% (0/1)"/>
            <line number="31" hits="0" branch="false"/>
            <line number="32" hits="0" branch="false"/>
            <line number="58" hits="0" branch="false"/>
            <line number="65" hits="0" branch="false"/>
          </lines>
        </class>
      </classes>
    </package>
    <package name="app.components.user-modal" line-rate="0.6129" branch-rate="0.22219999999999998">
      <classes>
        <class name="add-user-modal.tsx" filename="src/app/components/user-modal/add-user-modal.tsx" line-rate="0.6296" branch-rate="0.25">
          <methods>
            <method name="(anonymous_4)" hits="14" signature="()V">
              <lines>
                <line number="27" hits="14"/>
              </lines>
            </method>
            <method name="(anonymous_5)" hits="2" signature="()V">
              <lines>
                <line number="39" hits="2"/>
              </lines>
            </method>
            <method name="(anonymous_6)" hits="2" signature="()V">
              <lines>
                <line number="44" hits="2"/>
              </lines>
            </method>
            <method name="(anonymous_7)" hits="0" signature="()V">
              <lines>
                <line number="58" hits="0"/>
              </lines>
            </method>
            <method name="(anonymous_8)" hits="0" signature="()V">
              <lines>
                <line number="85" hits="0"/>
              </lines>
            </method>
            <method name="(anonymous_9)" hits="1" signature="()V">
              <lines>
                <line number="121" hits="1"/>
              </lines>
            </method>
            <method name="(anonymous_10)" hits="2" signature="()V">
              <lines>
                <line number="134" hits="2"/>
              </lines>
            </method>
            <method name="(anonymous_11)" hits="2" signature="()V">
              <lines>
                <line number="147" hits="2"/>
              </lines>
            </method>
            <method name="(anonymous_12)" hits="0" signature="()V">
              <lines>
                <line number="160" hits="0"/>
              </lines>
            </method>
            <method name="(anonymous_13)" hits="1" signature="()V">
              <lines>
                <line number="188" hits="1"/>
              </lines>
            </method>
          </methods>
          <lines>
            <line number="1" hits="1" branch="false"/>
            <line number="2" hits="1" branch="false"/>
            <line number="3" hits="1" branch="false"/>
            <line number="4" hits="1" branch="false"/>
            <line number="5" hits="1" branch="false"/>
            <line number="7" hits="1" branch="false"/>
            <line number="8" hits="1" branch="false"/>
            <line number="10" hits="1" branch="false"/>
            <line number="11" hits="1" branch="false"/>
            <line number="12" hits="1" branch="false"/>
            <line number="13" hits="1" branch="false"/>
            <line number="14" hits="1" branch="false"/>
            <line number="15" hits="1" branch="false"/>
            <line number="22" hits="1" branch="false"/>
            <line number="27" hits="4" branch="false"/>
            <line number="31" hits="14" branch="false"/>
            <line number="32" hits="14" branch="false"/>
            <line number="33" hits="14" branch="false"/>
            <line number="34" hits="14" branch="false"/>
            <line number="35" hits="14" branch="false"/>
            <line number="36" hits="14" branch="false"/>
            <line number="37" hits="14" branch="false"/>
            <line number="38" hits="14" branch="false"/>
            <line number="39" hits="14" branch="false"/>
            <line number="42" hits="2" branch="false"/>
            <line number="44" hits="14" branch="false"/>
            <line number="45" hits="2" branch="false"/>
            <line number="53" hits="2" branch="true" condition-coverage="100% (1/1)"/>
            <line number="54" hits="2" branch="false"/>
            <line number="55" hits="2" branch="false"/>
            <line number="58" hits="0" branch="false"/>
            <line number="60" hits="0" branch="false"/>
            <line number="61" hits="0" branch="false"/>
            <line number="62" hits="0" branch="false"/>
            <line number="63" hits="0" branch="false"/>
            <line number="64" hits="0" branch="false"/>
            <line number="65" hits="0" branch="false"/>
            <line number="66" hits="0" branch="false"/>
            <line number="76" hits="0" branch="true" condition-coverage="0% (0/2)"/>
            <line number="77" hits="0" branch="false"/>
            <line number="79" hits="0" branch="false"/>
            <line number="81" hits="0" branch="true" condition-coverage="0% (0/1)"/>
            <line number="82" hits="0" branch="false"/>
            <line number="83" hits="0" branch="false"/>
            <line number="84" hits="0" branch="false"/>
            <line number="85" hits="0" branch="false"/>
            <line number="86" hits="0" branch="false"/>
            <line number="90" hits="0" branch="false"/>
            <line number="91" hits="0" branch="false"/>
            <line number="121" hits="1" branch="false"/>
            <line number="134" hits="2" branch="false"/>
            <line number="147" hits="2" branch="false"/>
            <line number="160" hits="0" branch="false"/>
            <line number="188" hits="1" branch="false"/>
          </lines>
        </class>
        <class name="update-user-modal.tsx" filename="src/app/components/user-modal/update-user-modal.tsx" line-rate="0.6" branch-rate="0.2">
          <methods>
            <method name="(anonymous_5)" hits="10" signature="()V">
              <lines>
                <line number="33" hits="10"/>
              </lines>
            </method>
            <method name="(anonymous_6)" hits="3" signature="()V">
              <lines>
                <line number="48" hits="3"/>
              </lines>
            </method>
            <method name="(anonymous_7)" hits="3" signature="()V">
              <lines>
                <line number="54" hits="3"/>
              </lines>
            </method>
            <method name="(anonymous_8)" hits="3" signature="()V">
              <lines>
                <line number="55" hits="3"/>
              </lines>
            </method>
            <method name="(anonymous_9)" hits="2" signature="()V">
              <lines>
                <line number="68" hits="2"/>
              </lines>
            </method>
            <method name="(anonymous_10)" hits="2" signature="()V">
              <lines>
                <line number="74" hits="2"/>
              </lines>
            </method>
            <method name="(anonymous_11)" hits="0" signature="()V">
              <lines>
                <line number="89" hits="0"/>
              </lines>
            </method>
            <method name="(anonymous_12)" hits="0" signature="()V">
              <lines>
                <line number="108" hits="0"/>
              </lines>
            </method>
            <method name="(anonymous_13)" hits="0" signature="()V">
              <lines>
                <line number="109" hits="0"/>
              </lines>
            </method>
            <method name="(anonymous_14)" hits="1" signature="()V">
              <lines>
                <line number="174" hits="1"/>
              </lines>
            </method>
            <method name="(anonymous_15)" hits="2" signature="()V">
              <lines>
                <line number="201" hits="2"/>
              </lines>
            </method>
            <method name="(anonymous_16)" hits="0" signature="()V">
              <lines>
                <line number="214" hits="0"/>
              </lines>
            </method>
            <method name="(anonymous_17)" hits="1" signature="()V">
              <lines>
                <line number="242" hits="1"/>
              </lines>
            </method>
          </methods>
          <lines>
            <line number="1" hits="1" branch="false"/>
            <line number="2" hits="1" branch="false"/>
            <line number="3" hits="1" branch="false"/>
            <line number="4" hits="1" branch="false"/>
            <line number="6" hits="1" branch="false"/>
            <line number="7" hits="1" branch="false"/>
            <line number="8" hits="1" branch="false"/>
            <line number="15" hits="1" branch="false"/>
            <line number="16" hits="1" branch="false"/>
            <line number="17" hits="1" branch="false"/>
            <line number="18" hits="1" branch="false"/>
            <line number="19" hits="1" branch="false"/>
            <line number="20" hits="1" branch="false"/>
            <line number="28" hits="1" branch="false"/>
            <line number="33" hits="3" branch="false"/>
            <line number="38" hits="10" branch="false"/>
            <line number="39" hits="10" branch="false"/>
            <line number="40" hits="10" branch="false"/>
            <line number="41" hits="10" branch="false"/>
            <line number="42" hits="10" branch="false"/>
            <line number="43" hits="10" branch="false"/>
            <line number="44" hits="10" branch="false"/>
            <line number="45" hits="10" branch="false"/>
            <line number="46" hits="10" branch="false"/>
            <line number="48" hits="10" branch="false"/>
            <line number="49" hits="3" branch="true" condition-coverage="0% (0/1)"/>
            <line number="51" hits="3" branch="false"/>
            <line number="52" hits="0" branch="false"/>
            <line number="54" hits="10" branch="false"/>
            <line number="55" hits="3" branch="false"/>
            <line number="56" hits="3" branch="false"/>
            <line number="57" hits="0" branch="false"/>
            <line number="58" hits="0" branch="false"/>
            <line number="59" hits="0" branch="false"/>
            <line number="60" hits="0" branch="false"/>
            <line number="61" hits="0" branch="false"/>
            <line number="62" hits="0" branch="false"/>
            <line number="63" hits="0" branch="false"/>
            <line number="64" hits="0" branch="false"/>
            <line number="66" hits="3" branch="false"/>
            <line number="68" hits="10" branch="false"/>
            <line number="71" hits="2" branch="false"/>
            <line number="74" hits="10" branch="false"/>
            <line number="75" hits="2" branch="false"/>
            <line number="83" hits="2" branch="true" condition-coverage="100% (1/1)"/>
            <line number="84" hits="2" branch="false"/>
            <line number="85" hits="2" branch="false"/>
            <line number="86" hits="2" branch="false"/>
            <line number="89" hits="0" branch="false"/>
            <line number="90" hits="0" branch="false"/>
            <line number="91" hits="0" branch="false"/>
            <line number="92" hits="0" branch="false"/>
            <line number="93" hits="0" branch="false"/>
            <line number="94" hits="0" branch="false"/>
            <line number="106" hits="0" branch="false"/>
            <line number="107" hits="0" branch="true" condition-coverage="0% (0/1)"/>
            <line number="108" hits="0" branch="false"/>
            <line number="109" hits="0" branch="false"/>
            <line number="110" hits="0" branch="true" condition-coverage="0% (0/2)"/>
            <line number="121" hits="0" branch="false"/>
            <line number="122" hits="0" branch="false"/>
            <line number="134" hits="0" branch="false"/>
            <line number="137" hits="0" branch="false"/>
            <line number="139" hits="0" branch="false"/>
            <line number="143" hits="0" branch="false"/>
            <line number="144" hits="0" branch="false"/>
            <line number="174" hits="1" branch="false"/>
            <line number="201" hits="2" branch="false"/>
            <line number="214" hits="0" branch="false"/>
            <line number="242" hits="1" branch="false"/>
          </lines>
        </class>
      </classes>
    </package>
  </packages>
</coverage>
